#
# A fatal error has been detected by the Java Runtime Environment:
#
#  EXCEPTION_ACCESS_VIOLATION (0xc0000005) at pc=0x0000000071f3f720, pid=9828, tid=0x0000000000001768
#
# JRE version: Java(TM) SE Runtime Environment (8.0_101-b13) (build 1.8.0_101-b13)
# Java VM: Java HotSpot(TM) 64-Bit Server VM (25.101-b13 mixed mode windows-amd64 compressed oops)
# Problematic frame:
# V  [jvm.dll+0xaf720]
#
# Failed to write core dump. Minidumps are not enabled by default on client versions of Windows
#
# If you would like to submit a bug report, please visit:
#   http://bugreport.java.com/bugreport/crash.jsp
#

---------------  T H R E A D  ---------------

Current thread (0x00000000026a6800):  GCTaskThread [stack: 0x0000000011ec0000,0x0000000011fc0000] [id=5992]

siginfo: ExceptionCode=0xc0000005, reading address 0x0000000500081830

Registers:
RAX=0x0000000000000001, RBX=0x00000000eb8e4fe0, RCX=0x00000000eb8e4fe0, RDX=0x0000000500081828
RSP=0x0000000011fbf2c8, RBP=0x0000000000000000, RSI=0x000000000277acc0, RDI=0x0000000017591c40
R8 =0x000000000277acc0, R9 =0x0000000100000b68, R10=0x0000000000000008, R11=0x0000000000000000
R12=0x00000000724e37c8, R13=0x0000000000000001, R14=0x0000000000000000, R15=0x00000000026a7000
RIP=0x0000000071f3f720, EFLAGS=0x0000000000010206

Top of Stack: (sp=0x0000000011fbf2c8)
0x0000000011fbf2c8:   00000000722906d2 00000000eb8e5090
0x0000000011fbf2d8:   0000000000000004 000000000277acc0
0x0000000011fbf2e8:   00000000026a2100 00000000ebd72ac8
0x0000000011fbf2f8:   0000000072290e1b 00000000c000c000
0x0000000011fbf308:   0000000000000400 0000000000000000
0x0000000011fbf318:   00000000026a2101 00000000724e37c8
0x0000000011fbf328:   0000000072290a40 00000000c000aea4
0x0000000011fbf338:   0000000000000000 000000000277acc0
0x0000000011fbf348:   0000000017591c40 00000000c000aea4
0x0000000011fbf358:   0000000072291415 00000000eb8e9998
0x0000000011fbf368:   0000000000000000 000000000277acc0
0x0000000011fbf378:   0000000002690800 00000000724b0201
0x0000000011fbf388:   00000000720a69bd 000015379a740ab8
0x0000000011fbf398:   0000000014e5a800 00000000026a6ff0
0x0000000011fbf3a8:   00000000026a21b0 000000000268d070
0x0000000011fbf3b8:   00000000720ad202 00000000026a6800 

Instructions: (pc=0x0000000071f3f720)
0x0000000071f3f700:   0c b7 1d 00 48 8b 9c 24 d0 00 00 00 48 81 c4 c0
0x0000000071f3f710:   00 00 00 5d c3 cc cc cc cc cc cc cc cc cc cc cc
0x0000000071f3f720:   44 8b 42 08 4c 8b ca 45 85 c0 7e 0e 41 f6 c0 01
0x0000000071f3f730:   75 57 41 c1 f8 03 41 8b c0 c3 79 4d 80 3d 2e bc 


Register to memory mapping:

RAX=0x0000000000000001 is an unknown value
RBX=0x00000000eb8e4fe0 is an oop

[error occurred during error reporting (printing register info), id 0xc0000005]

Stack: [0x0000000011ec0000,0x0000000011fc0000],  sp=0x0000000011fbf2c8,  free space=1020k
Native frames: (J=compiled Java code, j=interpreted, Vv=VM code, C=native code)


---------------  P R O C E S S  ---------------

Java Threads: ( => current thread )
  0x000000001684c000 JavaThread "pool-2-thread-4" [_thread_blocked, id=7224, stack(0x00000000170e0000,0x00000000171e0000)]
  0x0000000016767800 JavaThread "pool-2-thread-3" [_thread_blocked, id=7428, stack(0x0000000016fe0000,0x00000000170e0000)]
  0x0000000016755800 JavaThread "pool-2-thread-2" [_thread_blocked, id=1824, stack(0x0000000016ee0000,0x0000000016fe0000)]
  0x0000000016750000 JavaThread "pool-3-thread-1" [_thread_blocked, id=8692, stack(0x0000000016de0000,0x0000000016ee0000)]
  0x0000000016717000 JavaThread "pool-2-thread-1" [_thread_blocked, id=2708, stack(0x0000000016ce0000,0x0000000016de0000)]
  0x00000000165e5000 JavaThread "Service Thread" daemon [_thread_blocked, id=9100, stack(0x0000000016ae0000,0x0000000016be0000)]
  0x00000000165e0800 JavaThread "C1 CompilerThread2" daemon [_thread_blocked, id=8100, stack(0x00000000169e0000,0x0000000016ae0000)]
  0x0000000014eb6800 JavaThread "C2 CompilerThread1" daemon [_thread_blocked, id=5548, stack(0x00000000164e0000,0x00000000165e0000)]
  0x0000000014e5a800 JavaThread "C2 CompilerThread0" daemon [_thread_blocked, id=10232, stack(0x00000000163e0000,0x00000000164e0000)]
  0x0000000014e59000 JavaThread "Attach Listener" daemon [_thread_blocked, id=8456, stack(0x00000000162e0000,0x00000000163e0000)]
  0x0000000014e58000 JavaThread "Signal Dispatcher" daemon [_thread_blocked, id=8572, stack(0x00000000161e0000,0x00000000162e0000)]
  0x0000000014e4a000 JavaThread "Finalizer" daemon [_thread_blocked, id=9060, stack(0x00000000160e0000,0x00000000161e0000)]
  0x0000000014e28800 JavaThread "Reference Handler" daemon [_thread_blocked, id=3792, stack(0x0000000015fe0000,0x00000000160e0000)]
  0x0000000002690800 JavaThread "main" [_thread_blocked, id=2976, stack(0x0000000002490000,0x0000000002590000)]

Other Threads:
  0x0000000014e27000 VMThread [stack: 0x0000000015ee0000,0x0000000015fe0000] [id=6152]
  0x00000000165f1000 WatcherThread [stack: 0x0000000016be0000,0x0000000016ce0000] [id=7408]

=>0x00000000026a6800 (exited) GCTaskThread [stack: 0x0000000011ec0000,0x0000000011fc0000] [id=5992]

VM state:at safepoint (normal execution)

VM Mutex/Monitor currently owned by a thread:  ([mutex/lock_event])
[0x000000000268c0e0] Threads_lock - owner thread: 0x0000000014e27000
[0x000000000268bf60] Heap_lock - owner thread: 0x0000000002690800

Heap:
 PSYoungGen      total 18944K, used 16384K [0x00000000eab00000, 0x00000000ec000000, 0x0000000100000000)
  eden space 16384K, 100% used [0x00000000eab00000,0x00000000ebb00000,0x00000000ebb00000)
  from space 2560K, 0% used [0x00000000ebd80000,0x00000000ebd80000,0x00000000ec000000)
  to   space 2560K, 99% used [0x00000000ebb00000,0x00000000ebd7aac8,0x00000000ebd80000)
 ParOldGen       total 44032K, used 448K [0x00000000c0000000, 0x00000000c2b00000, 0x00000000eab00000)
  object space 44032K, 1% used [0x00000000c0000000,0x00000000c0070000,0x00000000c2b00000)
 Metaspace       used 5715K, capacity 6832K, committed 7040K, reserved 1056768K
  class space    used 589K, capacity 616K, committed 640K, reserved 1048576K

Card table byte_map: [0x0000000011b50000,0x0000000011d60000] byte_map_base: 0x0000000011550000

Marking Bits: (ParMarkBitMap*) 0x00000000726aa6d0
 Begin Bits: [0x00000000122c0000, 0x00000000132c0000)
 End Bits:   [0x00000000132c0000, 0x00000000142c0000)

Polling page: 0x0000000000b00000

CodeCache: size=245760Kb used=3627Kb max_used=3630Kb free=242132Kb
 bounds [0x0000000002790000, 0x0000000002b20000, 0x0000000011790000]
 total_blobs=1138 nmethods=875 adapters=176
 compilation: enabled

Compilation events (10 events):
Event: 1.971 Thread 0x00000000165e0800 nmethod 878 0x0000000002b18750 code [0x0000000002b18900, 0x0000000002b18dc8]
Event: 1.972 Thread 0x00000000165e0800  876       3       com.android.dx.cf.code.Ropper::mergeAndWorkAsNecessary (102 bytes)
Event: 1.973 Thread 0x00000000165e0800 nmethod 876 0x0000000002b1a510 code [0x0000000002b1a700, 0x0000000002b1b238]
Event: 1.973 Thread 0x00000000165e0800  850       3       com.android.dx.ssa.PhiInsn::predBlockIndexForSourcesIndex (15 bytes)
Event: 1.973 Thread 0x0000000014e5a800 nmethod 866 0x0000000002b1d690 code [0x0000000002b1d820, 0x0000000002b1df08]
Event: 1.973 Thread 0x00000000165e0800 nmethod 850 0x0000000002b19b10 code [0x0000000002b19cc0, 0x0000000002b1a198]
Event: 1.973 Thread 0x00000000165e0800  885       3       com.android.dx.ssa.back.SsaToRop$1::visitBlock (97 bytes)
Event: 1.973 Thread 0x0000000014e5a800  861       4       com.android.dx.ssa.back.LivenessAnalyzer::liveOutAtStatement (61 bytes)
Event: 1.975 Thread 0x00000000165e0800 nmethod 885 0x0000000002b1bb50 code [0x0000000002b1bdc0, 0x0000000002b1cd08]
Event: 1.975 Thread 0x00000000165e0800  889       3       com.android.dx.ssa.back.SsaToRop::convertInsns (53 bytes)

GC Heap History (1 events):
Event: 1.989 GC heap before
{Heap before GC invocations=1 (full 0):
 PSYoungGen      total 18944K, used 16384K [0x00000000eab00000, 0x00000000ec000000, 0x0000000100000000)
  eden space 16384K, 100% used [0x00000000eab00000,0x00000000ebb00000,0x00000000ebb00000)
  from space 2560K, 0% used [0x00000000ebd80000,0x00000000ebd80000,0x00000000ec000000)
  to   space 2560K, 0% used [0x00000000ebb00000,0x00000000ebb00000,0x00000000ebd80000)
 ParOldGen       total 44032K, used 0K [0x00000000c0000000, 0x00000000c2b00000, 0x00000000eab00000)
  object space 44032K, 0% used [0x00000000c0000000,0x00000000c0000000,0x00000000c2b00000)
 Metaspace       used 5715K, capacity 6832K, committed 7040K, reserved 1056768K
  class space    used 589K, capacity 616K, committed 640K, reserved 1048576K

Deoptimization events (7 events):
Event: 1.528 Thread 0x0000000002690800 Uncommon trap: reason=unstable_if action=reinterpret pc=0x0000000002997430 method=java.util.BitSet.nextSetBit(I)I @ 87
Event: 1.598 Thread 0x0000000002690800 Uncommon trap: reason=class_check action=maybe_recompile pc=0x00000000029d37b0 method=com.android.dx.ssa.NormalSsaInsn.accept(Lcom/android/dx/ssa/SsaInsn$Visitor;)V @ 9
Event: 1.598 Thread 0x0000000002690800 Uncommon trap: reason=class_check action=maybe_recompile pc=0x00000000029d37b0 method=com.android.dx.ssa.NormalSsaInsn.accept(Lcom/android/dx/ssa/SsaInsn$Visitor;)V @ 9
Event: 1.598 Thread 0x0000000002690800 Uncommon trap: reason=class_check action=maybe_recompile pc=0x00000000029d37b0 method=com.android.dx.ssa.NormalSsaInsn.accept(Lcom/android/dx/ssa/SsaInsn$Visitor;)V @ 9
Event: 1.598 Thread 0x0000000002690800 Uncommon trap: reason=class_check action=maybe_recompile pc=0x00000000029d37b0 method=com.android.dx.ssa.NormalSsaInsn.accept(Lcom/android/dx/ssa/SsaInsn$Visitor;)V @ 9
Event: 1.848 Thread 0x0000000016755800 Uncommon trap: reason=unstable_if action=reinterpret pc=0x00000000029f415c method=com.android.dx.rop.cst.Constant.compareTo(Lcom/android/dx/rop/cst/Constant;)I @ 12
Event: 1.906 Thread 0x0000000002690800 Uncommon trap: reason=unstable_if action=reinterpret pc=0x0000000002a60b94 method=com.android.dx.rop.code.RegisterSpec.equals(ILcom/android/dx/rop/type/TypeBearer;Lcom/android/dx/rop/code/LocalItem;)Z @ 42

Internal exceptions (2 events):
Event: 0.241 Thread 0x0000000002690800 Exception <a 'java/lang/NoSuchMethodError': Method sun.misc.Unsafe.defineClass(Ljava/lang/String;[BII)Ljava/lang/Class; name or signature does not match> (0x00000000eab07cc0) thrown at [C:\re\workspace\8-2-build-windows-amd64-cygwin\jdk8u101\7261\hotspot\s	ðs¸ØÎ?
Event: 0.241 Thread 0x0000000002690800 Exception <a 'java/lang/NoSuchMethodError': Method sun.misc.Unsafe.prefetchRead(Ljava/lang/Object;J)V name or signature does not match> (0x00000000eab07fa8) thrown at [C:\re\workspace\8-2-build-windows-amd64-cygwin\jdk8u101\7261\hotspot\src\share\vm\prims\

Events (10 events):
Event: 1.719 Executing VM operation: ForceSafepoint done
Event: 1.826 loading class com/android/dx/dex/file/MethodAnnotationStruct
Event: 1.826 loading class com/android/dx/dex/file/MethodAnnotationStruct done
Event: 1.848 Thread 0x0000000016755800 Uncommon trap: trap_request=0xffffff65 fr.pc=0x00000000029f415c
Event: 1.848 Thread 0x0000000016755800 DEOPT PACKING pc=0x00000000029f415c sp=0x0000000016fde2f0
Event: 1.848 Thread 0x0000000016755800 DEOPT UNPACKING pc=0x00000000027d582a sp=0x0000000016fde290 mode 2
Event: 1.906 Thread 0x0000000002690800 Uncommon trap: trap_request=0xffffff65 fr.pc=0x0000000002a60b94
Event: 1.906 Thread 0x0000000002690800 DEOPT PACKING pc=0x0000000002a60b94 sp=0x000000000258e2e0
Event: 1.906 Thread 0x0000000002690800 DEOPT UNPACKING pc=0x00000000027d582a sp=0x000000000258e268 mode 2
Event: 1.976 Executing VM operation: ParallelGCFailedAllocation


Dynamic libraries:
0x00007ff78de70000 - 0x00007ff78dea7000 	C:\Program Files\Java\jdk1.8.0_101\bin\java.exe
0x00007ffac3200000 - 0x00007ffac33c1000 	C:\Windows\SYSTEM32\ntdll.dll
0x00007ffac0aa0000 - 0x00007ffac0b4d000 	C:\Windows\system32\KERNEL32.DLL
0x00007ffabfa80000 - 0x00007ffabfc68000 	C:\Windows\system32\KERNELBASE.dll
0x00007ffac2e90000 - 0x00007ffac2f37000 	C:\Windows\system32\ADVAPI32.dll
0x00007ffac0990000 - 0x00007ffac0a2d000 	C:\Windows\system32\msvcrt.dll
0x00007ffac3190000 - 0x00007ffac31eb000 	C:\Windows\system32\sechost.dll
0x00007ffac2930000 - 0x00007ffac2a4c000 	C:\Windows\system32\RPCRT4.dll
0x00007ffac2f50000 - 0x00007ffac30a6000 	C:\Windows\system32\USER32.dll
0x00007ffac0b50000 - 0x00007ffac0cd6000 	C:\Windows\system32\GDI32.dll
0x00007ffabc020000 - 0x00007ffabc294000 	C:\Windows\WinSxS\amd64_microsoft.windows.common-controls_6595b64144ccf1df_6.0.10586.589_none_a2ddb3caa539acce\COMCTL32.dll
0x00007ffac2c10000 - 0x00007ffac2e8d000 	C:\Windows\system32\combase.dll
0x00007ffabfe60000 - 0x00007ffabfeca000 	C:\Windows\system32\bcryptPrimitives.dll
0x00007ffac27e0000 - 0x00007ffac281b000 	C:\Windows\system32\IMM32.DLL
0x00007ffabf3b0000 - 0x00007ffabf3e1000 	C:\Windows\system32\nvinitx.dll
0x00007ffabf3a0000 - 0x00007ffabf3aa000 	C:\Windows\SYSTEM32\VERSION.dll
0x0000000073f40000 - 0x0000000073f46000 	C:\Program Files\NVIDIA Corporation\CoProcManager\_etoured.dll
0x00007ffabd940000 - 0x00007ffabd973000 	C:\Program Files\NVIDIA Corporation\CoProcManager\nvd3d9wrapx.dll
0x00007ffac0d00000 - 0x00007ffac1129000 	C:\Windows\system32\SETUPAPI.dll
0x00007ffabfed0000 - 0x00007ffabff13000 	C:\Windows\system32\CFGMGR32.dll
0x00007ffabd910000 - 0x00007ffabd932000 	C:\Program Files\NVIDIA Corporation\CoProcManager\nvdxgiwrapx.dll
0x0000000072730000 - 0x0000000072802000 	C:\Program Files\Java\jdk1.8.0_101\jre\bin\msvcr100.dll
0x0000000071e90000 - 0x000000007272a000 	C:\Program Files\Java\jdk1.8.0_101\jre\bin\server\jvm.dll
0x00007ffac30b0000 - 0x00007ffac30b8000 	C:\Windows\system32\PSAPI.DLL
0x00007ffaaaf90000 - 0x00007ffaaaf99000 	C:\Windows\SYSTEM32\WSOCK32.dll
0x00007ffac30c0000 - 0x00007ffac312b000 	C:\Windows\system32\WS2_32.dll
0x00007ffabdf60000 - 0x00007ffabdf83000 	C:\Windows\SYSTEM32\WINMM.dll
0x00007ffabdf30000 - 0x00007ffabdf5c000 	C:\Windows\SYSTEM32\WINMMBASE.dll
0x0000000071e80000 - 0x0000000071e8f000 	C:\Program Files\Java\jdk1.8.0_101\jre\bin\verify.dll
0x0000000071e50000 - 0x0000000071e79000 	C:\Program Files\Java\jdk1.8.0_101\jre\bin\java.dll
0x0000000071e30000 - 0x0000000071e46000 	C:\Program Files\Java\jdk1.8.0_101\jre\bin\zip.dll
0x00007ffac1280000 - 0x00007ffac27dc000 	C:\Windows\system32\SHELL32.dll
0x00007ffabff20000 - 0x00007ffac0565000 	C:\Windows\system32\windows.storage.dll
0x00007ffac0600000 - 0x00007ffac0652000 	C:\Windows\system32\shlwapi.dll
0x00007ffabf8a0000 - 0x00007ffabf8af000 	C:\Windows\system32\kernel.appcore.dll
0x00007ffabfc70000 - 0x00007ffabfd25000 	C:\Windows\system32\shcore.dll
0x00007ffabf850000 - 0x00007ffabf89b000 	C:\Windows\system32\powrprof.dll
0x00007ffabf820000 - 0x00007ffabf834000 	C:\Windows\system32\profapi.dll
0x00007ffa9fe90000 - 0x00007ffaa001c000 	C:\Windows\SYSTEM32\dbghelp.dll

VM Arguments:
jvm_args: -Djava.awt.headless=true -Xmx1024M -Dfile.encoding=windows-1252 -Duser.country=US -Duser.language=en -Duser.variant 
java_command: com.android.dx.command.Main --dex --force-jumbo --num-threads=4 --multi-dex --output C:\Users\adico\Desktop\Cheers\app\build\intermediates\transforms\dex\debug\folders\1000\10\com.android.support-support-vector-drawable-24.2.1_311005f8032c4a5618867b2e9ed5853d4ed9ed3d C:\Users\adico\Desktop\Cheers\app\build\intermediates\exploded-aar\com.android.support\support-vector-drawable\24.2.1\jars\classes.jar
java_class_path (initial): C:\Users\adico\AppData\Local\Android\sdk\build-tools\24.0.2\lib\dx.jar
Launcher Type: SUN_STANDARD

Environment Variables:
PATH=C:\ProgramData\Oracle\Java\javapath;C:\Windows\system32;C:\Windows;C:\Windows\System32\Wbem;C:\Windows\System32\WindowsPowerShell\v1.0\;C:\Python27;C:\Python27\Lib\site-packages;C:\Python27\Scripts;C:\Program Files\nodejs\;C:\Program Files\Git\cmd;C:\Program Files\Java\jdk1.8.0_101\bin;C:\Users\adico\AppData\Roaming\npm;C:\Program Files (x86)\Microsoft VS Code\bin
USERNAME=adico
OS=Windows_NT
PROCESSOR_IDENTIFIER=Intel64 Family 6 Model 42 Stepping 7, GenuineIntel



---------------  S Y S T E M  ---------------

OS: Windows 10.0 , 64 bit Build 10586 (10.0.10586.589)

CPU:total 4 (2 cores per cpu, 2 threads per core) family 6 model 42 stepping 7, cmov, cx8, fxsr, mmx, sse, sse2, sse3, ssse3, sse4.1, sse4.2, popcnt, avx, aes, clmul, ht, tsc, tscinvbit

Memory: 4k page, physical 4104364k(635352k free), swap 7816288k(1367332k free)

vm_info: Java HotSpot(TM) 64-Bit Server VM (25.101-b13) for windows-amd64 JRE (1.8.0_101-b13), built on Jun 22 2016 01:21:29 by "java_re" with MS VC++ 10.0 (VS2010)

time: Fri Sep 23 20:07:08 2016
elapsed time: 2 seconds (0d 0h 0m 2s)

